<!DOCTYPE html>
<html>
<head>
<meta http-equiv="Content-Type" content="text/html; charset=utf-8"/>
<meta http-equiv="x-ua-compatible" content="IE=edge"/>
<title>Test results - Class Steps.ScenarioRunner</title>
<link href="../css/base-style.css" rel="stylesheet" type="text/css"/>
<link href="../css/style.css" rel="stylesheet" type="text/css"/>
<script src="../js/report.js" type="text/javascript"></script>
</head>
<body>
<div id="content">
<h1>Class Steps.ScenarioRunner</h1>
<div class="breadcrumbs">
<a href="../index.html">all</a> &gt; 
<a href="../packages/Steps.html">Steps</a> &gt; ScenarioRunner</div>
<div id="summary">
<table>
<tr>
<td>
<div class="summaryGroup">
<table>
<tr>
<td>
<div class="infoBox" id="tests">
<div class="counter">0</div>
<p>tests</p>
</div>
</td>
<td>
<div class="infoBox" id="failures">
<div class="counter">0</div>
<p>failures</p>
</div>
</td>
<td>
<div class="infoBox" id="ignored">
<div class="counter">0</div>
<p>ignored</p>
</div>
</td>
<td>
<div class="infoBox" id="duration">
<div class="counter">-</div>
<p>duration</p>
</div>
</td>
</tr>
</table>
</div>
</td>
<td>
<div class="infoBox success" id="successRate">
<div class="percent">-</div>
<p>successful</p>
</div>
</td>
</tr>
</table>
</div>
<div id="tabs">
<ul class="tabLinks">
<li>
<a href="#tab0">Tests</a>
</li>
<li>
<a href="#tab1">Standard output</a>
</li>
<li>
<a href="#tab2">Standard error</a>
</li>
</ul>
<div id="tab0" class="tab">
<h2>Tests</h2>
<table>
<thead>
<tr>
<th>Test</th>
<th>Duration</th>
<th>Result</th>
</tr>
</thead>
</table>
</div>
<div id="tab1" class="tab">
<h2>Standard output</h2>
<span class="code">
<pre>Feature: Update the plans swap to the customer
  I want to test the plans swap functionality

  @planSwap
  Scenario: Testing a plan swap, with the requestBody of PUT endpoint                          ?[90m# src/test/resources/features/SwapPlans/planswap.feature:24?[0m

?[31mFailed scenarios:?[0m
?[31msrc/test/resources/features/SwapPlans/planswap.feature:24 ?[0m# Testing a plan swap, with the requestBody of PUT endpoint

1 Scenarios (?[31m1 failed?[0m)
3 Steps (?[31m1 failed?[0m, ?[36m1 skipped?[0m, ?[32m1 passed?[0m)
0m14.640s

java.lang.AssertionError: expected:&lt;200&gt; but was:&lt;500&gt;
	at org.junit.Assert.fail(Assert.java:88)
	at org.junit.Assert.failNotEquals(Assert.java:834)
	at org.junit.Assert.assertEquals(Assert.java:645)
	at org.junit.Assert.assertEquals(Assert.java:631)
	at Steps.planswap$StepPlanSwap.updateSwapPlan(planswap.java:109)
	at Steps.planswap$StepPlanSwap$$EnhancerByCGLIB$$b5bcb4c7.CGLIB$updateSwapPlan$2(&lt;generated&gt;)
	at Steps.planswap$StepPlanSwap$$EnhancerByCGLIB$$b5bcb4c7$$FastClassByCGLIB$$8616c657.invoke(&lt;generated&gt;)
	at net.sf.cglib.proxy.MethodProxy.invokeSuper(MethodProxy.java:228)
	at net.thucydides.core.steps.StepInterceptor.invokeMethod(StepInterceptor.java:449)
	at net.thucydides.core.steps.StepInterceptor.executeTestStepMethod(StepInterceptor.java:434)
	at net.thucydides.core.steps.StepInterceptor.runTestStep(StepInterceptor.java:409)
	at net.thucydides.core.steps.StepInterceptor.runOrSkipMethod(StepInterceptor.java:150)
	at net.thucydides.core.steps.StepInterceptor.testStepResult(StepInterceptor.java:137)
	at net.thucydides.core.steps.StepInterceptor.intercept(StepInterceptor.java:68)
	at Steps.planswap$StepPlanSwap$$EnhancerByCGLIB$$b5bcb4c7.updateSwapPlan(&lt;generated&gt;)
	at Steps.planswap.call_the_updateSelectedPlansAndAddons_service(planswap.java:168)
	at âœ½.call the updateSelectedPlansAndAddons service(src/test/resources/features/SwapPlans/planswap.feature:26)

</pre>
</span>
</div>
<div id="tab2" class="tab">
<h2>Standard error</h2>
<span class="code">
<pre>[Test worker] INFO net.thucydides.core.steps.ConsoleLoggingListener - ?[36m

-------------------------------------------------------------------------------------
     _______. _______ .______       _______ .__   __.  __  .___________.____    ____ 
    /       ||   ____||   _  \     |   ____||  \ |  | |  | |           |\   \  /   / 
   |   (----`|  |__   |  |_)  |    |  |__   |   \|  | |  | `---|  |----` \   \/   /  
    \   \    |   __|  |      /     |   __|  |  . `  | |  |     |  |       \_    _/   
.----)   |   |  |____ |  |\  \----.|  |____ |  |\   | |  |     |  |         |  |     
|_______/    |_______|| _| `._____||_______||__| \__| |__|     |__|         |__|    
                                                                                     
 News and tutorials at http://www.serenity-bdd.info                                  
 Documentation at https://wakaleo.gitbooks.io/the-serenity-book/content/             
 Join the Serenity Community on Rocket Chat at https://serenity-bdd.rocket.chat      
 Serenity BDD Support and Training at http://serenity-bdd.info/#/trainingandsupport  
 Learn Serenity BDD online at http://serenity-dojo.com                               
-------------------------------------------------------------------------------------
?[0m
[Test worker] INFO net.thucydides.core.steps.ConsoleLoggingListener - Test Suite Started: Cancellation process
[Test worker] INFO net.thucydides.core.steps.ConsoleLoggingListener - Test Suite Started: Create A Profile Creation Without Transaction
[Test worker] INFO net.thucydides.core.steps.ConsoleLoggingListener - Test Suite Started: Debit functionality
[Test worker] INFO net.thucydides.core.steps.ConsoleLoggingListener - Test Suite Started: Get the freeable Asset from the Jbilling
[Test worker] INFO net.thucydides.core.steps.ConsoleLoggingListener - Test Suite Started: Get a plans and addons information
[Test worker] INFO net.thucydides.core.steps.ConsoleLoggingListener - Test Suite Started: Manual Payments
[Test worker] INFO net.thucydides.core.steps.ConsoleLoggingListener - Test Suite Started: Map the plans and Addons to the customer
[Test worker] INFO net.thucydides.core.steps.ConsoleLoggingListener - Test Suite Started: Refund Functionality
[Test worker] INFO net.thucydides.core.steps.ConsoleLoggingListener - Test Suite Started: Update the plans swap to the customer
[Test worker] INFO net.thucydides.core.steps.ConsoleLoggingListener - Test Suite Started: update the user information
[Test worker] INFO net.thucydides.core.steps.ConsoleLoggingListener - 
 _____ _____ ____ _____   ____ _____  _    ____ _____ _____ ____  
|_   _| ____/ ___|_   _| / ___|_   _|/ \  |  _ \_   _| ____|  _ \ 
  | | |  _| \___ \ | |   \___ \ | | / _ \ | |_) || | |  _| | | | |
  | | | |___ ___) || |    ___) || |/ ___ \|  _ &lt; | | | |___| |_| |
  |_| |_____|____/ |_|   |____/ |_/_/   \_\_| \_\|_| |_____|____/ 
                                                                  

TEST STARTED: Testing a plan swap, with the requestBody of PUT endpoint
-------------------------------------------------------------------(update-the-plans-swap-to-the-customer;testing-a-plan-swap--with-the-requestbody-of-put-endpoint)
[Test worker] ERROR net.thucydides.core.steps.ConsoleLoggingListener - 
           __  _____ _____ ____ _____   _____ _    ___ _     _____ ____  
  _       / / |_   _| ____/ ___|_   _| |  ___/ \  |_ _| |   | ____|  _ \ 
 (_)_____| |    | | |  _| \___ \ | |   | |_ / _ \  | || |   |  _| | | | |
  _|_____| |    | | | |___ ___) || |   |  _/ ___ \ | || |___| |___| |_| |
 (_)     | |    |_| |_____|____/ |_|   |_|/_/   \_\___|_____|_____|____/ 
          \_\                                                            

TEST FAILED: Testing a plan swap, with the requestBody of PUT endpoint
--------------------------------------------------------------------------
[Test worker] ERROR net.thucydides.core.steps.ConsoleLoggingListener - TEST FAILED AT STEP Update swap plan
[Test worker] ERROR net.thucydides.core.steps.ConsoleLoggingListener - expected:&lt;200&gt; but was:&lt;500&gt;
</pre>
</span>
</div>
</div>
<div id="footer">
<p>
<div>
<label class="hidden" id="label-for-line-wrapping-toggle" for="line-wrapping-toggle">Wrap lines
<input id="line-wrapping-toggle" type="checkbox" autocomplete="off"/>
</label>
</div>Generated by 
<a href="http://www.gradle.org">Gradle 4.9</a> at 23 Jul, 2018 3:55:21 PM</p>
</div>
</div>
</body>
</html>
